<?xml version="1.0" encoding="UTF-8"?>
<testng-results ignored="0" total="2" passed="2" failed="0" skipped="0">
  <reporter-output>
  </reporter-output>
  <suite started-at="2020-06-28T10:41:56Z" name="mymaven.pqrTest" finished-at="2020-06-28T10:41:56Z" duration-ms="47">
    <groups>
    </groups>
    <test started-at="2020-06-28T10:41:56Z" name="Command line test" finished-at="2020-06-28T10:41:56Z" duration-ms="47">
      <class name="mymaven.pqrTest">
        <test-method signature="methodTwo()[pri:0, instance:mymaven.pqrTest@33f88ab]" started-at="2020-06-28T10:41:56Z" name="methodTwo" finished-at="2020-06-28T10:41:56Z" duration-ms="0" status="PASS">
          <reporter-output>
          </reporter-output>
        </test-method> <!-- methodTwo -->
        <test-method signature="methodOne()[pri:0, instance:mymaven.pqrTest@33f88ab]" started-at="2020-06-28T10:41:56Z" name="methodOne" finished-at="2020-06-28T10:41:56Z" duration-ms="0" status="PASS">
          <reporter-output>
          </reporter-output>
        </test-method> <!-- methodOne -->
      </class> <!-- mymaven.pqrTest -->
    </test> <!-- Command line test -->
  </suite> <!-- mymaven.pqrTest -->
</testng-results>
