<?xml version="1.0" encoding="UTF-8"?>
<testng-results ignored="0" total="1" passed="1" failed="0" skipped="0">
  <reporter-output>
  </reporter-output>
  <suite started-at="2020-06-28T16:06:33 IST" name="Default suite" finished-at="2020-06-28T16:06:33 IST" duration-ms="70">
    <groups>
    </groups>
    <test started-at="2020-06-28T16:06:33 IST" name="Default test" finished-at="2020-06-28T16:06:33 IST" duration-ms="70">
      <class name="mymaven.pqrTest">
        <test-method signature="methodOne()[pri:0, instance:mymaven.pqrTest@6b4a4e18]" started-at="2020-06-28T16:06:33 IST" name="methodOne" finished-at="2020-06-28T16:06:33 IST" duration-ms="16" status="PASS">
          <reporter-output>
          </reporter-output>
        </test-method> <!-- methodOne -->
      </class> <!-- mymaven.pqrTest -->
    </test> <!-- Default test -->
  </suite> <!-- Default suite -->
</testng-results>
